D:\QT\THE FINALS\MYGRAPH - NEW\WIN32\DEBUG\TOPICNODE.OBJ
D:\QT\THE FINALS\MYGRAPH - NEW\WIN32\DEBUG\TOPICGRAPH.OBJ
D:\QT\THE FINALS\MYGRAPH - NEW\WIN32\DEBUG\PAPERNODE.OBJ
D:\QT\THE FINALS\MYGRAPH - NEW\WIN32\DEBUG\PAPERCONFERENCEAUTHORGRAPH.OBJ
D:\QT\THE FINALS\MYGRAPH - NEW\WIN32\DEBUG\NODE.OBJ
D:\QT\THE FINALS\MYGRAPH - NEW\WIN32\DEBUG\MAINWINDOW.OBJ
D:\QT\THE FINALS\MYGRAPH - NEW\WIN32\DEBUG\MAIN.OBJ
D:\QT\THE FINALS\MYGRAPH - NEW\WIN32\DEBUG\GRAPHWIDGET.OBJ
D:\QT\THE FINALS\MYGRAPH - NEW\WIN32\DEBUG\MOC_MAINWINDOW.OBJ
D:\QT\THE FINALS\MYGRAPH - NEW\WIN32\DEBUG\MOC_GRAPHWIDGET.OBJ
D:\QT\THE FINALS\MYGRAPH - NEW\WIN32\DEBUG\MOC_FILEDIALOG.OBJ
D:\QT\THE FINALS\MYGRAPH - NEW\WIN32\DEBUG\FILEDIALOG.OBJ
D:\QT\THE FINALS\MYGRAPH - NEW\WIN32\DEBUG\EDGE.OBJ
D:\QT\THE FINALS\MYGRAPH - NEW\WIN32\DEBUG\DOCUMENT.OBJ
D:\QT\THE FINALS\MYGRAPH - NEW\WIN32\DEBUG\CONFERENCENODE.OBJ
D:\QT\THE FINALS\MYGRAPH - NEW\WIN32\DEBUG\AUTHORNODE.OBJ
D:\QT\THE FINALS\MYGRAPH - NEW\WIN32\DEBUG\VC110.PDB
D:\QT\THE FINALS\MYGRAPH - NEW\WIN32\DEBUG\QRC_IMAGE.OBJ
D:\QT\THE FINALS\MYGRAPH - NEW\GENERATEDFILES\DEBUG\MOC_FILEDIALOG.CPP
D:\QT\THE FINALS\MYGRAPH - NEW\GENERATEDFILES\UI_FILEDIALOG.H
D:\QT\THE FINALS\MYGRAPH - NEW\GENERATEDFILES\QRC_IMAGE.CPP
D:\QT\THE FINALS\MYGRAPH - NEW\GENERATEDFILES\DEBUG\MOC_MAINWINDOW.CPP
D:\QT\THE FINALS\MYGRAPH - NEW\GENERATEDFILES\DEBUG\MOC_GRAPHWIDGET.CPP
D:\QT\THE FINALS\MYGRAPH - NEW\GENERATEDFILES\UI_MAINWINDOW.H
D:\QT\The Finals\MyGraph - new\Win32\Debug\authornode.obj
D:\QT\The Finals\MyGraph - new\Win32\Debug\conferencenode.obj
D:\QT\The Finals\MyGraph - new\Win32\Debug\Document.obj
D:\QT\The Finals\MyGraph - new\Win32\Debug\edge.obj
D:\QT\The Finals\MyGraph - new\Win32\Debug\filedialog.obj
D:\QT\The Finals\MyGraph - new\Win32\Debug\graphwidget.obj
D:\QT\The Finals\MyGraph - new\Win32\Debug\main.obj
D:\QT\The Finals\MyGraph - new\Win32\Debug\mainwindow.obj
D:\QT\The Finals\MyGraph - new\Win32\Debug\moc_filedialog.obj
D:\QT\The Finals\MyGraph - new\Win32\Debug\moc_graphwidget.obj
D:\QT\The Finals\MyGraph - new\Win32\Debug\moc_mainwindow.obj
D:\QT\The Finals\MyGraph - new\Win32\Debug\node.obj
D:\QT\The Finals\MyGraph - new\Win32\Debug\paperconferenceauthorgraph.obj
D:\QT\The Finals\MyGraph - new\Win32\Debug\papernode.obj
D:\QT\The Finals\MyGraph - new\Win32\Debug\qrc_image.obj
D:\QT\The Finals\MyGraph - new\Win32\Debug\topicgraph.obj
D:\QT\The Finals\MyGraph - new\Win32\Debug\topicnode.obj
D:\QT\The Finals\MyGraph - new\Win32\Debug\cl.command.1.tlog
D:\QT\The Finals\MyGraph - new\Win32\Debug\CL.read.1.tlog
D:\QT\The Finals\MyGraph - new\Win32\Debug\CL.write.1.tlog
D:\QT\The Finals\MyGraph - new\Win32\Debug\custombuild.command.1.tlog
D:\QT\The Finals\MyGraph - new\Win32\Debug\custombuild.read.1.tlog
D:\QT\The Finals\MyGraph - new\Win32\Debug\custombuild.write.1.tlog
D:\QT\The Finals\MyGraph - new\Win32\Debug\link-cvtres.read.1.tlog
D:\QT\The Finals\MyGraph - new\Win32\Debug\link-cvtres.write.1.tlog
D:\QT\The Finals\MyGraph - new\Win32\Debug\link-rc.read.1.tlog
D:\QT\The Finals\MyGraph - new\Win32\Debug\link-rc.write.1.tlog
D:\QT\The Finals\MyGraph - new\Win32\Debug\link.25692-cvtres.read.1.tlog
D:\QT\The Finals\MyGraph - new\Win32\Debug\link.25692-cvtres.write.1.tlog
D:\QT\The Finals\MyGraph - new\Win32\Debug\link.25692-rc.read.1.tlog
D:\QT\The Finals\MyGraph - new\Win32\Debug\link.25692-rc.write.1.tlog
D:\QT\The Finals\MyGraph - new\Win32\Debug\link.25692.read.1.tlog
D:\QT\The Finals\MyGraph - new\Win32\Debug\link.25692.write.1.tlog
D:\QT\The Finals\MyGraph - new\Win32\Debug\link.26836-cvtres.read.1.tlog
D:\QT\The Finals\MyGraph - new\Win32\Debug\link.26836-cvtres.write.1.tlog
D:\QT\The Finals\MyGraph - new\Win32\Debug\link.26836-rc.read.1.tlog
D:\QT\The Finals\MyGraph - new\Win32\Debug\link.26836-rc.write.1.tlog
D:\QT\The Finals\MyGraph - new\Win32\Debug\link.26836.read.1.tlog
D:\QT\The Finals\MyGraph - new\Win32\Debug\link.26836.write.1.tlog
D:\QT\The Finals\MyGraph - new\Win32\Debug\link.27168-cvtres.read.1.tlog
D:\QT\The Finals\MyGraph - new\Win32\Debug\link.27168-cvtres.write.1.tlog
D:\QT\The Finals\MyGraph - new\Win32\Debug\link.27168-rc.read.1.tlog
D:\QT\The Finals\MyGraph - new\Win32\Debug\link.27168-rc.write.1.tlog
D:\QT\The Finals\MyGraph - new\Win32\Debug\link.27168.read.1.tlog
D:\QT\The Finals\MyGraph - new\Win32\Debug\link.27168.write.1.tlog
D:\QT\The Finals\MyGraph - new\Win32\Debug\link.5524-cvtres.read.1.tlog
D:\QT\The Finals\MyGraph - new\Win32\Debug\link.5524-cvtres.write.1.tlog
D:\QT\The Finals\MyGraph - new\Win32\Debug\link.5524-rc.read.1.tlog
D:\QT\The Finals\MyGraph - new\Win32\Debug\link.5524-rc.write.1.tlog
D:\QT\The Finals\MyGraph - new\Win32\Debug\link.5524.read.1.tlog
D:\QT\The Finals\MyGraph - new\Win32\Debug\link.5524.write.1.tlog
D:\QT\The Finals\MyGraph - new\Win32\Debug\link.command.1.tlog
D:\QT\The Finals\MyGraph - new\Win32\Debug\link.read.1.tlog
D:\QT\The Finals\MyGraph - new\Win32\Debug\link.write.1.tlog
D:\QT\The Finals\MyGraph - new\Win32\Debug\vc110.pdb
