D:\QT\THE FINALS\MYGRAPH - NEW\WIN32\RELEASE\TOPICNODE.OBJ
D:\QT\THE FINALS\MYGRAPH - NEW\WIN32\RELEASE\TOPICGRAPH.OBJ
D:\QT\THE FINALS\MYGRAPH - NEW\WIN32\RELEASE\PAPERNODE.OBJ
D:\QT\THE FINALS\MYGRAPH - NEW\WIN32\RELEASE\PAPERCONFERENCEAUTHORGRAPH.OBJ
D:\QT\THE FINALS\MYGRAPH - NEW\WIN32\RELEASE\NODE.OBJ
D:\QT\THE FINALS\MYGRAPH - NEW\WIN32\RELEASE\MAINWINDOW.OBJ
D:\QT\THE FINALS\MYGRAPH - NEW\WIN32\RELEASE\MAIN.OBJ
D:\QT\THE FINALS\MYGRAPH - NEW\WIN32\RELEASE\GRAPHWIDGET.OBJ
D:\QT\THE FINALS\MYGRAPH - NEW\WIN32\RELEASE\MOC_MAINWINDOW.OBJ
D:\QT\THE FINALS\MYGRAPH - NEW\WIN32\RELEASE\MOC_GRAPHWIDGET.OBJ
D:\QT\THE FINALS\MYGRAPH - NEW\WIN32\RELEASE\MOC_FILEDIALOG.OBJ
D:\QT\THE FINALS\MYGRAPH - NEW\WIN32\RELEASE\FILEDIALOG.OBJ
D:\QT\THE FINALS\MYGRAPH - NEW\WIN32\RELEASE\EDGE.OBJ
D:\QT\THE FINALS\MYGRAPH - NEW\WIN32\RELEASE\DOCUMENT.OBJ
D:\QT\THE FINALS\MYGRAPH - NEW\WIN32\RELEASE\CONFERENCENODE.OBJ
D:\QT\THE FINALS\MYGRAPH - NEW\WIN32\RELEASE\AUTHORNODE.OBJ
D:\QT\THE FINALS\MYGRAPH - NEW\GENERATEDFILES\RELEASE\MOC_FILEDIALOG.CPP
D:\QT\THE FINALS\MYGRAPH - NEW\GENERATEDFILES\UI_FILEDIALOG.H
D:\QT\THE FINALS\MYGRAPH - NEW\GENERATEDFILES\QRC_IMAGE.CPP
D:\QT\THE FINALS\MYGRAPH - NEW\GENERATEDFILES\UI_MAINWINDOW.H
D:\QT\THE FINALS\MYGRAPH - NEW\GENERATEDFILES\RELEASE\MOC_MAINWINDOW.CPP
D:\QT\THE FINALS\MYGRAPH - NEW\GENERATEDFILES\RELEASE\MOC_GRAPHWIDGET.CPP
D:\QT\THE FINALS\MYGRAPH - NEW\RELEASE\MYGRAPH.EXE
D:\QT\The Finals\MyGraph - new\Win32\Release\authornode.obj
D:\QT\The Finals\MyGraph - new\Win32\Release\conferencenode.obj
D:\QT\The Finals\MyGraph - new\Win32\Release\Document.obj
D:\QT\The Finals\MyGraph - new\Win32\Release\edge.obj
D:\QT\The Finals\MyGraph - new\Win32\Release\filedialog.obj
D:\QT\The Finals\MyGraph - new\Win32\Release\graphwidget.obj
D:\QT\The Finals\MyGraph - new\Win32\Release\main.obj
D:\QT\The Finals\MyGraph - new\Win32\Release\mainwindow.obj
D:\QT\The Finals\MyGraph - new\Win32\Release\moc_filedialog.obj
D:\QT\The Finals\MyGraph - new\Win32\Release\moc_graphwidget.obj
D:\QT\The Finals\MyGraph - new\Win32\Release\moc_mainwindow.obj
D:\QT\The Finals\MyGraph - new\Win32\Release\node.obj
D:\QT\The Finals\MyGraph - new\Win32\Release\paperconferenceauthorgraph.obj
D:\QT\The Finals\MyGraph - new\Win32\Release\papernode.obj
D:\QT\The Finals\MyGraph - new\Win32\Release\qrc_image.obj
D:\QT\The Finals\MyGraph - new\Win32\Release\topicgraph.obj
D:\QT\The Finals\MyGraph - new\Win32\Release\topicnode.obj
D:\QT\The Finals\MyGraph - new\Win32\Release\cl.command.1.tlog
D:\QT\The Finals\MyGraph - new\Win32\Release\CL.read.1.tlog
D:\QT\The Finals\MyGraph - new\Win32\Release\CL.write.1.tlog
D:\QT\The Finals\MyGraph - new\Win32\Release\custombuild.command.1.tlog
D:\QT\The Finals\MyGraph - new\Win32\Release\custombuild.read.1.tlog
D:\QT\The Finals\MyGraph - new\Win32\Release\custombuild.write.1.tlog
D:\QT\The Finals\MyGraph - new\Win32\Release\link-cvtres.read.1.tlog
D:\QT\The Finals\MyGraph - new\Win32\Release\link-cvtres.write.1.tlog
D:\QT\The Finals\MyGraph - new\Win32\Release\link-rc.read.1.tlog
D:\QT\The Finals\MyGraph - new\Win32\Release\link-rc.write.1.tlog
D:\QT\The Finals\MyGraph - new\Win32\Release\link.command.1.tlog
D:\QT\The Finals\MyGraph - new\Win32\Release\link.read.1.tlog
D:\QT\The Finals\MyGraph - new\Win32\Release\link.write.1.tlog
D:\QT\The Finals\MyGraph - new\release\MyGraph.exe
