生成启动时间为 2015/8/6 14:20:12。
     1>项目“D:\QT\The Finals\MyGraph - new\MyGraph.vcxproj”在节点 2 上(Build 个目标)。
     1>ClCompile:
         C:\Program Files (x86)\Microsoft Visual Studio 11.0\VC\bin\CL.exe /c /I. /IC:\Qt\Qt5.5.0\5.5\msvc2012\include /IC:\Qt\Qt5.5.0\5.5\msvc2012\include\QtWidgets /IC:\Qt\Qt5.5.0\5.5\msvc2012\include\QtGui /IC:\Qt\Qt5.5.0\5.5\msvc2012\include\QtANGLE /IC:\Qt\Qt5.5.0\5.5\msvc2012\include\QtCore /Irelease /I. /I"C:\Qt\Qt5.5.0\5.5\msvc2012\mkspecs\win32-msvc2012" /I.\GeneratedFiles /nologo /W3 /WX- /O2 /Oy- /D _WINDOWS /D UNICODE /D WIN32 /D QT_NO_DEBUG /D QT_WIDGETS_LIB /D QT_GUI_LIB /D QT_CORE_LIB /D NDEBUG /Gm- /EHsc /MD /GS /fp:precise /Zc:wchar_t /Zc:forScope /GR /Fo"Win32\Release\\" /Fd"Win32\Release\vc110.pdb" /Gd /TP /analyze- /errorReport:prompt -w34100 -w34189 -w44996 authornode.cpp conferencenode.cpp Document.cpp edge.cpp filedialog.cpp GeneratedFiles\Release\moc_filedialog.cpp GeneratedFiles\Release\moc_graphwidget.cpp GeneratedFiles\Release\moc_mainwindow.cpp graphwidget.cpp main.cpp mainwindow.cpp node.cpp paperconferenceauthorgraph.cpp papernode.cpp topicgraph.cpp topicnode.cpp
         authornode.cpp
         conferencenode.cpp
         Document.cpp
         edge.cpp
         filedialog.cpp
         moc_filedialog.cpp
         moc_graphwidget.cpp
         moc_mainwindow.cpp
         graphwidget.cpp
         main.cpp
         mainwindow.cpp
         node.cpp
     1>node.cpp(50): warning C4100: “option”: 未引用的形参
         paperconferenceauthorgraph.cpp
         papernode.cpp
         topicgraph.cpp
         topicnode.cpp
         正在生成代码...
         C:\Program Files (x86)\Microsoft Visual Studio 11.0\VC\bin\CL.exe /c /I. /IC:\Qt\Qt5.5.0\5.5\msvc2012\include /IC:\Qt\Qt5.5.0\5.5\msvc2012\include\QtWidgets /IC:\Qt\Qt5.5.0\5.5\msvc2012\include\QtGui /IC:\Qt\Qt5.5.0\5.5\msvc2012\include\QtANGLE /IC:\Qt\Qt5.5.0\5.5\msvc2012\include\QtCore /Irelease /I. /I"C:\Qt\Qt5.5.0\5.5\msvc2012\mkspecs\win32-msvc2012" /I.\GeneratedFiles /nologo /W3 /WX- /O2 /Oy- /D _WINDOWS /D UNICODE /D WIN32 /D QT_NO_DEBUG /D QT_WIDGETS_LIB /D QT_GUI_LIB /D QT_CORE_LIB /D NDEBUG /Gm- /EHsc /MD /GS /fp:precise /Zc:wchar_t /Zc:forScope /GR /Fo"Win32\Release\\" /Fd"Win32\Release\vc110.pdb" /Gd /TP /analyze- /errorReport:prompt -w34100 -w34189 -w44996 GeneratedFiles\qrc_image.cpp
         qrc_image.cpp
       Link:
         C:\Program Files (x86)\Microsoft Visual Studio 11.0\VC\bin\link.exe /ERRORREPORT:PROMPT /OUT:"release\\MyGraph.exe" /INCREMENTAL:NO /NOLOGO /LIBPATH:C:\Qt\Qt5.5.0\5.5\msvc2012\lib /LIBPATH:C:/qt/qt5.5.0/5.5/msvc2012/lib /LIBPATH:C:\Qt\Qt5.5.0\5.5\msvc2012\lib C:\Qt\Qt5.5.0\5.5\msvc2012\lib\qtmain.lib shell32.lib C:/qt/qt5.5.0/5.5/msvc2012/lib\Qt5Core.lib C:\Qt\Qt5.5.0\5.5\msvc2012\lib\Qt5Widgets.lib C:\Qt\Qt5.5.0\5.5\msvc2012\lib\Qt5Gui.lib C:\Qt\Qt5.5.0\5.5\msvc2012\lib\Qt5Core.lib kernel32.lib user32.lib gdi32.lib winspool.lib comdlg32.lib advapi32.lib shell32.lib ole32.lib oleaut32.lib uuid.lib odbc32.lib odbccp32.lib /MANIFEST /MANIFESTUAC:"level='asInvoker' uiAccess='false'" /manifest:embed /PDB:"release\MyGraph.pdb" /SUBSYSTEM:WINDOWS /TLBID:1 /DYNAMICBASE /NXCOMPAT /MACHINE:X86 /SAFESEH "/MANIFESTDEPENDENCY:type='win32' name='Microsoft.Windows.Common-Controls' version='6.0.0.0' publicKeyToken='6595b64144ccf1df' language='*' processorArchitecture='*'" Win32\Release\authornode.obj
         Win32\Release\conferencenode.obj
         Win32\Release\Document.obj
         Win32\Release\edge.obj
         Win32\Release\filedialog.obj
         Win32\Release\qrc_image.obj
         Win32\Release\moc_filedialog.obj
         Win32\Release\moc_graphwidget.obj
         Win32\Release\moc_mainwindow.obj
         Win32\Release\graphwidget.obj
         Win32\Release\main.obj
         Win32\Release\mainwindow.obj
         Win32\Release\node.obj
         Win32\Release\paperconferenceauthorgraph.obj
         Win32\Release\papernode.obj
         Win32\Release\topicgraph.obj
         Win32\Release\topicnode.obj
         MyGraph.vcxproj -> D:\QT\The Finals\MyGraph - new\release\MyGraph.exe
     1>已完成生成项目“D:\QT\The Finals\MyGraph - new\MyGraph.vcxproj”(Build 个目标)的操作。

生成成功。

已用时间 00:00:37.86
